1LF46rIVre8PfeID_uVuet9HtrZDAmSVa 2023-06-17T10:06:47.153Z https://mastodon.online/users/sucho_memes/statuses/110558996538777381
1hBz3zMcy_LTi6sVxdtHozH_8hs3e0dyL 2023-06-17T12:11:20.301Z https://mastodon.online/users/sucho_memes/statuses/110559486299337448
1eA1M2NRxgmkhTt_XIuCzHTxYg6DAW3KC 2023-06-17T14:05:49.903Z https://mastodon.online/users/sucho_memes/statuses/110559936505384786
1yq8qE-Asuk_H9RMAKHX_EtxidN1vHp8n 2023-06-17T16:07:47.987Z https://mastodon.online/users/sucho_memes/statuses/110560416099885322
1o1IN40RMD5LrFDEvTGjzcPbGk-2W-M5C 2023-06-17T18:07:51.227Z https://mastodon.online/users/sucho_memes/statuses/110560888175344182
1ZJofP22NBjaoOcHTO6j6lgLRZtsGIhrm 2023-06-17T20:07:00.957Z https://mastodon.online/users/sucho_memes/statuses/110561356739663164
1rnXAt0SmqU2s-V0PkxZYC7g3AZ7QNW5e 2023-06-18T00:46:02.149Z https://mastodon.online/users/sucho_memes/statuses/110562453889964821
1BZL346BDH1SKZnId0L4Nn1UQbhswPq0y 2023-06-18T02:47:41.067Z https://mastodon.online/users/sucho_memes/statuses/110562932232353717
1WdgzbY8e4jsMKgpJgULNiUFVzW3S4yTm 2023-06-18T04:07:58.890Z https://mastodon.online/users/sucho_memes/statuses/110563247973211447
1lh1odLOTS8InXl9LbaBA9hr2G1--z5q8 2023-06-18T06:08:41.269Z https://mastodon.online/users/sucho_memes/statuses/110563722609389692
1bAXRCL_eOWB86sUcTHmhUjMRlNLsRfLP 2023-06-18T08:08:07.147Z https://mastodon.online/users/sucho_memes/statuses/110564192232795592
15eCHZVJ7MgQp-GwK2ygDYBWT7DJaqumM 2023-06-18T10:06:22.091Z https://mastodon.online/users/sucho_memes/statuses/110564657206930886
19w0MeCnWd4wmwFkcv7Os1LNCePjqrTRR 2023-06-18T12:12:26.620Z https://mastodon.online/users/sucho_memes/statuses/110565152955910414
1x_SXRYkfy86f8sgXXhx9xdhw4kqickyG 2023-06-18T14:06:00.756Z https://mastodon.online/users/sucho_memes/statuses/110565599527101612
1wdrpATk7n5oo_TtzIQrcWorSDf6CUfrA 2023-06-18T16:08:12.311Z https://mastodon.online/users/sucho_memes/statuses/110566080007852252
10wWcm9slxb-738P4WFXGqOxyT3rfIt8i 2023-06-18T20:06:50.070Z https://mastodon.online/users/sucho_memes/statuses/110567018336645052
1pLKVx58gwMGYuaWaTIfgUtHBZzJlHQwO 2023-06-18T22:06:13.019Z https://mastodon.online/users/sucho_memes/statuses/110567487767488318
1F1pKEnnkzyYhPvq5AugvaH4_ZLEwDpvd 2023-06-19T00:41:37.922Z https://mastodon.online/users/sucho_memes/statuses/110568098884275238
15Dxk9QKZ10n_oLWCO25XBns3eOPJNibX 2023-06-19T02:37:38.150Z https://mastodon.online/users/sucho_memes/statuses/110568555029920841
1SjhHvvzKkxhwsE4-2iO3u7IsxYEO39Sh 2023-06-19T04:08:37.617Z https://mastodon.online/users/sucho_memes/statuses/110568912821514123
1Y6BfOemUZe7wImDO8OgMWnfvsugRwvGr 2023-06-19T06:10:13.080Z https://mastodon.online/users/sucho_memes/statuses/110569390936951676
1DiiwpN0WJEXHSzuPHjRLU91Eg22VVMru 2023-06-19T08:09:57.449Z https://mastodon.online/users/sucho_memes/statuses/110569861771850086
1HCPEcnKlQW0wdO06HCdrohEY07G4Gn3Q 2023-06-19T10:07:45.739Z https://mastodon.online/users/sucho_memes/statuses/110570324998907369
117DQQd33T6wYyEypegzUV82N0VyPobli 2023-06-19T12:14:25.497Z https://mastodon.online/users/sucho_memes/statuses/110570823056987484
1dK_tZELq0Ey0c6fogzpYJPjHgdUI9TQX 2023-06-19T14:07:00.002Z https://mastodon.online/users/sucho_memes/statuses/110571265720191089
1ZQVhBWOIC5fVdofNRqEsumX1IefiMhNt 2023-06-19T16:08:38.903Z https://mastodon.online/users/sucho_memes/statuses/110571744060948103
1RbZnDJtUB4uGJ9wO6yApwBR0h6J_ymiI 2023-06-19T18:08:50.390Z https://mastodon.online/users/sucho_memes/statuses/110572216673160411
161CEqIP9C5G7EDAtXfFo1ddlEmObvidr 2023-06-19T20:07:54.651Z https://mastodon.online/users/sucho_memes/statuses/110572684879322937
1HUeFQyNHYmumaAPHtyRkhK9gRiLkW3X1 2023-06-19T22:06:58.343Z https://mastodon.online/users/sucho_memes/statuses/110573153048269005
1XxjGWCF64ELZirJssiZaJ_YuvyOZi1B_ 2023-06-20T00:39:37.985Z https://mastodon.online/users/sucho_memes/statuses/110573753334589188
1uw6AZFTiL8IARkSXQvoszl6i7X0AAsej 2023-06-20T02:31:57.784Z https://mastodon.online/users/sucho_memes/statuses/110574195034162549
1jpCFy96BsedDfanRf7H4vkTd74WXlTvT 2023-06-20T04:08:34.467Z https://mastodon.online/users/sucho_memes/statuses/110574574925429990
1GfplRhAoH5IrHPmVARUWj0zul06ZJP3n 2023-06-20T06:09:51.469Z https://mastodon.online/users/sucho_memes/statuses/110575051831001188
1fD9Pvm9I5FQ4-mpTej_VsMpYvibjOhwp 2023-06-20T08:09:07.009Z https://mastodon.online/users/sucho_memes/statuses/110575520776541810
